numero de celulas:  7
distancia:  1
{'celula1': 1, 'celula2': 3, 'distancia': 1.0, 'mensajes': 2, 'shared': ['DFTYA', 'AETQT']}
{'celula1': 2, 'celula2': 5, 'distancia': 1.0, 'mensajes': 3, 'shared': ['DSQTS', 'LTLLS', 'IYHLK']}
{'celula1': 3, 'celula2': 1, 'distancia': 1.0, 'mensajes': 2, 'shared': ['DFTYA', 'AETQT']}
{'celula1': 3, 'celula2': 4, 'distancia': 1.0, 'mensajes': 3, 'shared': ['HGCYS', 'SRFNH', 'DFTYA']}
{'celula1': 4, 'celula2': 3, 'distancia': 1.0, 'mensajes': 3, 'shared': ['HGCYS', 'SRFNH', 'DFTYA']}
{'celula1': 4, 'celula2': 5, 'distancia': 1.0, 'mensajes': 1, 'shared': ['IYHLK']}
{'celula1': 4, 'celula2': 6, 'distancia': 1.0, 'mensajes': 2, 'shared': ['HGCYS', 'IYHLK']}
{'celula1': 5, 'celula2': 2, 'distancia': 1.0, 'mensajes': 3, 'shared': ['DSQTS', 'LTLLS', 'IYHLK']}
{'celula1': 5, 'celula2': 4, 'distancia': 1.0, 'mensajes': 1, 'shared': ['IYHLK']}
{'celula1': 5, 'celula2': 7, 'distancia': 1.0, 'mensajes': 1, 'shared': ['TTVTG']}
{'celula1': 6, 'celula2': 4, 'distancia': 1.0, 'mensajes': 2, 'shared': ['HGCYS', 'IYHLK']}
{'celula1': 6, 'celula2': 7, 'distancia': 1.0, 'mensajes': 1, 'shared': ['HGCYS']}
{'celula1': 7, 'celula2': 5, 'distancia': 1.0, 'mensajes': 1, 'shared': ['TTVTG']}
{'celula1': 7, 'celula2': 6, 'distancia': 1.0, 'mensajes': 1, 'shared': ['HGCYS']}
numero de celulas:  7
distancia:  2
{'celula1': 1, 'celula2': 3, 'distancia': 1.0, 'mensajes': 2, 'shared': ['DFTYA', 'AETQT']}
{'celula1': 1, 'celula2': 4, 'distancia': 1.4142135623730951, 'mensajes': 1, 'shared': ['DFTYA']}
{'celula1': 2, 'celula2': 4, 'distancia': 1.4142135623730951, 'mensajes': 1, 'shared': ['IYHLK']}
{'celula1': 2, 'celula2': 5, 'distancia': 1.0, 'mensajes': 3, 'shared': ['DSQTS', 'LTLLS', 'IYHLK']}
{'celula1': 3, 'celula2': 1, 'distancia': 1.0, 'mensajes': 2, 'shared': ['DFTYA', 'AETQT']}
{'celula1': 3, 'celula2': 4, 'distancia': 1.0, 'mensajes': 3, 'shared': ['HGCYS', 'SRFNH', 'DFTYA']}
{'celula1': 3, 'celula2': 5, 'distancia': 2.0, 'mensajes': 1, 'shared': ['LSVGG']}
{'celula1': 3, 'celula2': 6, 'distancia': 1.4142135623730951, 'mensajes': 3, 'shared': ['HGCYS', 'LSVGG', 'AETQT']}
{'celula1': 4, 'celula2': 1, 'distancia': 1.4142135623730951, 'mensajes': 1, 'shared': ['DFTYA']}
{'celula1': 4, 'celula2': 2, 'distancia': 1.4142135623730951, 'mensajes': 1, 'shared': ['IYHLK']}
{'celula1': 4, 'celula2': 3, 'distancia': 1.0, 'mensajes': 3, 'shared': ['HGCYS', 'SRFNH', 'DFTYA']}
{'celula1': 4, 'celula2': 5, 'distancia': 1.0, 'mensajes': 1, 'shared': ['IYHLK']}
{'celula1': 4, 'celula2': 6, 'distancia': 1.0, 'mensajes': 2, 'shared': ['HGCYS', 'IYHLK']}
{'celula1': 4, 'celula2': 7, 'distancia': 1.4142135623730951, 'mensajes': 2, 'shared': ['HGCYS', 'SRFNH']}
{'celula1': 5, 'celula2': 2, 'distancia': 1.0, 'mensajes': 3, 'shared': ['DSQTS', 'LTLLS', 'IYHLK']}
{'celula1': 5, 'celula2': 3, 'distancia': 2.0, 'mensajes': 1, 'shared': ['LSVGG']}
{'celula1': 5, 'celula2': 4, 'distancia': 1.0, 'mensajes': 1, 'shared': ['IYHLK']}
{'celula1': 5, 'celula2': 6, 'distancia': 1.4142135623730951, 'mensajes': 3, 'shared': ['LSVGG', 'LTLLS', 'IYHLK']}
{'celula1': 5, 'celula2': 7, 'distancia': 1.0, 'mensajes': 1, 'shared': ['TTVTG']}
{'celula1': 6, 'celula2': 3, 'distancia': 1.4142135623730951, 'mensajes': 3, 'shared': ['HGCYS', 'LSVGG', 'AETQT']}
{'celula1': 6, 'celula2': 4, 'distancia': 1.0, 'mensajes': 2, 'shared': ['HGCYS', 'IYHLK']}
{'celula1': 6, 'celula2': 5, 'distancia': 1.4142135623730951, 'mensajes': 3, 'shared': ['LSVGG', 'LTLLS', 'IYHLK']}
{'celula1': 6, 'celula2': 7, 'distancia': 1.0, 'mensajes': 1, 'shared': ['HGCYS']}
{'celula1': 7, 'celula2': 4, 'distancia': 1.4142135623730951, 'mensajes': 2, 'shared': ['HGCYS', 'SRFNH']}
{'celula1': 7, 'celula2': 5, 'distancia': 1.0, 'mensajes': 1, 'shared': ['TTVTG']}
{'celula1': 7, 'celula2': 6, 'distancia': 1.0, 'mensajes': 1, 'shared': ['HGCYS']}
numero de celulas:  4
distancia:  1
{'celula1': 1, 'celula2': 2, 'distancia': 1.0, 'mensajes': 1, 'shared': ['AETQT']}
{'celula1': 1, 'celula2': 3, 'distancia': 1.0, 'mensajes': 1, 'shared': ['DFTYA']}
{'celula1': 2, 'celula2': 1, 'distancia': 1.0, 'mensajes': 1, 'shared': ['AETQT']}
{'celula1': 2, 'celula2': 4, 'distancia': 1.0, 'mensajes': 1, 'shared': ['HGCYS']}
{'celula1': 3, 'celula2': 1, 'distancia': 1.0, 'mensajes': 1, 'shared': ['DFTYA']}
{'celula1': 3, 'celula2': 4, 'distancia': 1.0, 'mensajes': 1, 'shared': ['IYHLK']}
{'celula1': 4, 'celula2': 2, 'distancia': 1.0, 'mensajes': 1, 'shared': ['HGCYS']}
{'celula1': 4, 'celula2': 3, 'distancia': 1.0, 'mensajes': 1, 'shared': ['IYHLK']}
